#
# There is insufficient memory for the Java Runtime Environment to continue.
# Native memory allocation (malloc) failed to allocate 2175216 bytes for Chunk::new
# Possible reasons:
#   The system is out of physical RAM or swap space
#   In 32 bit mode, the process size limit was hit
# Possible solutions:
#   Reduce memory load on the system
#   Increase physical memory or swap space
#   Check if swap backing store is full
#   Use 64 bit Java on a 64 bit OS
#   Decrease Java heap size (-Xmx/-Xms)
#   Decrease number of Java threads
#   Decrease Java thread stack sizes (-Xss)
#   Set larger code cache with -XX:ReservedCodeCacheSize=
# This output file may be truncated or incomplete.
#
#  Out of Memory Error (allocation.cpp:390), pid=9920, tid=0x0000000000002e24
#
# JRE version: OpenJDK Runtime Environment (8.0_152-b01) (build 1.8.0_152-release-1343-b01)
# Java VM: OpenJDK 64-Bit Server VM (25.152-b01 mixed mode windows-amd64 compressed oops)
# Failed to write core dump. Minidumps are not enabled by default on client versions of Windows
#

---------------  T H R E A D  ---------------

Current thread (0x0000000018b39000):  JavaThread "C2 CompilerThread0" daemon [_thread_in_native, id=11812, stack(0x000000001a190000,0x000000001a290000)]

Stack: [0x000000001a190000,0x000000001a290000]
[error occurred during error reporting (printing stack bounds), id 0xc0000005]

Native frames: (J=compiled Java code, j=interpreted, Vv=VM code, C=native code)


Current CompileTask:
C2:   9773 2373       4       java.net.URLClassLoader$1::run (5 bytes)


---------------  P R O C E S S  ---------------

Java Threads: ( => current thread )
  0x000000002207b800 JavaThread "Cache worker for cache directory md-rule (C:\Users\Admin\.gradle\caches\5.4.1\md-rule)" [_thread_blocked, id=9476, stack(0x0000000022a80000,0x0000000022b80000)]
  0x000000001bcce800 JavaThread "Cache worker for cache directory md-supplier (C:\Users\Admin\.gradle\caches\5.4.1\md-supplier)" [_thread_blocked, id=5548, stack(0x0000000022780000,0x0000000022880000)]
  0x000000001bcd1800 JavaThread "Cache worker for file hash cache (E:\Reuse\.gradle\5.4.1\fileHashes)" [_thread_blocked, id=10792, stack(0x000000001eab0000,0x000000001ebb0000)]
  0x000000001bcd3800 JavaThread "Cache worker for journal cache (C:\Users\Admin\.gradle\caches\journal-1)" [_thread_blocked, id=12824, stack(0x000000001d6e0000,0x000000001d7e0000)]
  0x000000001bcd4800 JavaThread "File lock request listener" [_thread_in_native, id=12400, stack(0x000000001d5e0000,0x000000001d6e0000)]
  0x000000001bcd3000 JavaThread "Cache worker for file hash cache (C:\Users\Admin\.gradle\caches\5.4.1\fileHashes)" [_thread_blocked, id=1928, stack(0x000000001d4e0000,0x000000001d5e0000)]
  0x000000001b7d7000 JavaThread "Thread-9" [_thread_blocked, id=7648, stack(0x000000001d3e0000,0x000000001d4e0000)]
  0x000000001baed000 JavaThread "Stdin handler" [_thread_blocked, id=1768, stack(0x000000001d2e0000,0x000000001d3e0000)]
  0x000000001baec000 JavaThread "Asynchronous log dispatcher for DefaultDaemonConnection: socket connection from /127.0.0.1:60300 to /127.0.0.1:60301" [_thread_blocked, id=1040, stack(0x000000001d1e0000,0x000000001d2e0000)]
  0x000000001baf7000 JavaThread "Daemon worker" [_thread_in_native, id=7444, stack(0x000000001d0e0000,0x000000001d1e0000)]
  0x000000001baf6800 JavaThread "Cancel handler" [_thread_blocked, id=8164, stack(0x000000001cfe0000,0x000000001d0e0000)]
  0x000000001b73b800 JavaThread "Handler for socket connection from /127.0.0.1:60300 to /127.0.0.1:60301" [_thread_in_native, id=12436, stack(0x000000001cce0000,0x000000001cde0000)]
  0x000000001b736000 JavaThread "Daemon" [_thread_blocked, id=13232, stack(0x000000001cbe0000,0x000000001cce0000)]
  0x000000001b9b6000 JavaThread "Daemon periodic checks" [_thread_blocked, id=5824, stack(0x000000001cae0000,0x000000001cbe0000)]
  0x000000001b9af800 JavaThread "Incoming local TCP Connector on port 60300" [_thread_in_native, id=9280, stack(0x000000001c8a0000,0x000000001c9a0000)]
  0x000000001b646000 JavaThread "Daemon health stats" [_thread_blocked, id=3816, stack(0x000000001c260000,0x000000001c360000)]
  0x000000001a4b8800 JavaThread "Service Thread" daemon [_thread_blocked, id=8536, stack(0x000000001a890000,0x000000001a990000)]
  0x0000000018b3f000 JavaThread "C1 CompilerThread2" daemon [_thread_blocked, id=11908, stack(0x000000001a390000,0x000000001a490000)]
  0x0000000018b3c800 JavaThread "C2 CompilerThread1" daemon [_thread_in_native, id=11008, stack(0x000000001a290000,0x000000001a390000)]
=>0x0000000018b39000 JavaThread "C2 CompilerThread0" daemon [_thread_in_native, id=11812, stack(0x000000001a190000,0x000000001a290000)]
  0x0000000018b46800 JavaThread "Attach Listener" daemon [_thread_blocked, id=5584, stack(0x000000001a090000,0x000000001a190000)]
  0x0000000018b45800 JavaThread "Signal Dispatcher" daemon [_thread_blocked, id=7720, stack(0x0000000019f90000,0x000000001a090000)]
  0x00000000051ca000 JavaThread "Finalizer" daemon [_thread_blocked, id=232, stack(0x0000000019da0000,0x0000000019ea0000)]
  0x00000000051c1000 JavaThread "Reference Handler" daemon [_thread_blocked, id=1176, stack(0x0000000019ca0000,0x0000000019da0000)]
  0x000000000505e000 JavaThread "main" [_thread_blocked, id=12728, stack(0x0000000004f30000,0x0000000005030000)]

Other Threads:
  0x0000000018b06800 VMThread [stack: 0x0000000019ba0000,0x0000000019ca0000] [id=7928]
  0x000000001a4ba000 WatcherThread [stack: 0x000000001a990000,0x000000001aa90000] [id=8392]

VM state:not at safepoint (normal execution)

VM Mutex/Monitor currently owned by a thread: None

Heap:
 PSYoungGen      total 104448K, used 47253K [0x00000000e0000000, 0x00000000e8f00000, 0x0000000100000000)
  eden space 96256K, 40% used [0x00000000e0000000,0x00000000e2654740,0x00000000e5e00000)
  from space 8192K, 97% used [0x00000000e8700000,0x00000000e8ed0ee8,0x00000000e8f00000)
  to   space 10240K, 0% used [0x00000000e7b00000,0x00000000e7b00000,0x00000000e8500000)
 ParOldGen       total 38400K, used 10459K [0x00000000a0000000, 0x00000000a2580000, 0x00000000e0000000)
  object space 38400K, 27% used [0x00000000a0000000,0x00000000a0a36e10,0x00000000a2580000)
 Metaspace       used 30588K, capacity 31124K, committed 31360K, reserved 1077248K
  class space    used 4170K, capacity 4362K, committed 4480K, reserved 1048576K

Card table byte_map: [0x0000000014590000,0x00000000148a0000] byte_map_base: 0x0000000014090000

Marking Bits: (ParMarkBitMap*) 0x00000000630d5aa0
 Begin Bits: [0x0000000014ea0000, 0x00000000166a0000)
 End Bits:   [0x00000000166a0000, 0x0000000017ea0000)

Polling page: 0x0000000003720000

CodeCache: size=245760Kb used=9083Kb max_used=9083Kb free=236676Kb
 bounds [0x00000000051d0000, 0x0000000005ac0000, 0x00000000141d0000]
 total_blobs=3071 nmethods=2397 adapters=587
 compilation: enabled

Compilation events (10 events):
Event: 9.438 Thread 0x0000000018b3f000 nmethod 2399 0x0000000005aaf890 code [0x0000000005aaf9e0, 0x0000000005aafad0]
Event: 9.673 Thread 0x0000000018b3f000 2400       3       sun.reflect.generics.parser.SignatureParser::parseZeroOrMoreTypeSignatures (174 bytes)
Event: 9.675 Thread 0x0000000018b3f000 nmethod 2400 0x0000000005aafb50 code [0x0000000005aafd80, 0x0000000005ab0918]
Event: 9.689 Thread 0x0000000018b3f000 2401   !   3       org.gradle.internal.event.DefaultListenerManager$EventBroadcast::maybeAdd (99 bytes)
Event: 9.690 Thread 0x0000000018b3f000 nmethod 2401 0x0000000005ab0ed0 code [0x0000000005ab10e0, 0x0000000005ab1d38]
Event: 9.691 Thread 0x0000000018b3f000 2402       3       java.util.LinkedHashMap$LinkedValueIterator::next (8 bytes)
Event: 9.691 Thread 0x0000000018b3f000 nmethod 2402 0x0000000005ab2310 code [0x0000000005ab2480, 0x0000000005ab2688]
Event: 9.730 Thread 0x0000000018b3f000 2403       3       com.google.common.base.Preconditions::checkArgument (28 bytes)
Event: 9.731 Thread 0x0000000018b3f000 nmethod 2403 0x0000000005ab2750 code [0x0000000005ab2900, 0x0000000005ab2f18]
Event: 9.731 Thread 0x0000000018b3f000 2404       3       com.google.common.io.BaseEncoding$Alphabet::encode (7 bytes)

GC Heap History (10 events):
Event: 4.073 GC heap before
{Heap before GC invocations=5 (full 0):
 PSYoungGen      total 35328K, used 35296K [0x00000000e0000000, 0x00000000e2500000, 0x0000000100000000)
  eden space 32768K, 100% used [0x00000000e0000000,0x00000000e2000000,0x00000000e2000000)
  from space 2560K, 98% used [0x00000000e2280000,0x00000000e24f8020,0x00000000e2500000)
  to   space 2560K, 0% used [0x00000000e2000000,0x00000000e2000000,0x00000000e2280000)
 ParOldGen       total 44032K, used 2069K [0x00000000a0000000, 0x00000000a2b00000, 0x00000000e0000000)
  object space 44032K, 4% used [0x00000000a0000000,0x00000000a0205668,0x00000000a2b00000)
 Metaspace       used 13316K, capacity 13728K, committed 13824K, reserved 1060864K
  class space    used 1842K, capacity 1998K, committed 2048K, reserved 1048576K
Event: 4.086 GC heap after
Heap after GC invocations=5 (full 0):
 PSYoungGen      total 35328K, used 2544K [0x00000000e0000000, 0x00000000e4c00000, 0x0000000100000000)
  eden space 32768K, 0% used [0x00000000e0000000,0x00000000e0000000,0x00000000e2000000)
  from space 2560K, 99% used [0x00000000e2000000,0x00000000e227c030,0x00000000e2280000)
  to   space 6144K, 0% used [0x00000000e4600000,0x00000000e4600000,0x00000000e4c00000)
 ParOldGen       total 44032K, used 5953K [0x00000000a0000000, 0x00000000a2b00000, 0x00000000e0000000)
  object space 44032K, 13% used [0x00000000a0000000,0x00000000a05d0410,0x00000000a2b00000)
 Metaspace       used 13316K, capacity 13728K, committed 13824K, reserved 1060864K
  class space    used 1842K, capacity 1998K, committed 2048K, reserved 1048576K
}
Event: 4.719 GC heap before
{Heap before GC invocations=6 (full 0):
 PSYoungGen      total 35328K, used 35312K [0x00000000e0000000, 0x00000000e4c00000, 0x0000000100000000)
  eden space 32768K, 100% used [0x00000000e0000000,0x00000000e2000000,0x00000000e2000000)
  from space 2560K, 99% used [0x00000000e2000000,0x00000000e227c030,0x00000000e2280000)
  to   space 6144K, 0% used [0x00000000e4600000,0x00000000e4600000,0x00000000e4c00000)
 ParOldGen       total 44032K, used 5953K [0x00000000a0000000, 0x00000000a2b00000, 0x00000000e0000000)
  object space 44032K, 13% used [0x00000000a0000000,0x00000000a05d0410,0x00000000a2b00000)
 Metaspace       used 16175K, capacity 16560K, committed 16896K, reserved 1062912K
  class space    used 2300K, capacity 2456K, committed 2560K, reserved 1048576K
Event: 4.743 GC heap after
Heap after GC invocations=6 (full 0):
 PSYoungGen      total 70656K, used 6142K [0x00000000e0000000, 0x00000000e4e00000, 0x0000000100000000)
  eden space 64512K, 0% used [0x00000000e0000000,0x00000000e0000000,0x00000000e3f00000)
  from space 6144K, 99% used [0x00000000e4600000,0x00000000e4bff870,0x00000000e4c00000)
  to   space 7168K, 0% used [0x00000000e3f00000,0x00000000e3f00000,0x00000000e4600000)
 ParOldGen       total 44032K, used 6335K [0x00000000a0000000, 0x00000000a2b00000, 0x00000000e0000000)
  object space 44032K, 14% used [0x00000000a0000000,0x00000000a062fe80,0x00000000a2b00000)
 Metaspace       used 16175K, capacity 16560K, committed 16896K, reserved 1062912K
  class space    used 2300K, capacity 2456K, committed 2560K, reserved 1048576K
}
Event: 6.388 GC heap before
{Heap before GC invocations=7 (full 0):
 PSYoungGen      total 70656K, used 51324K [0x00000000e0000000, 0x00000000e4e00000, 0x0000000100000000)
  eden space 64512K, 70% used [0x00000000e0000000,0x00000000e2c1fae8,0x00000000e3f00000)
  from space 6144K, 99% used [0x00000000e4600000,0x00000000e4bff870,0x00000000e4c00000)
  to   space 7168K, 0% used [0x00000000e3f00000,0x00000000e3f00000,0x00000000e4600000)
 ParOldGen       total 44032K, used 6335K [0x00000000a0000000, 0x00000000a2b00000, 0x00000000e0000000)
  object space 44032K, 14% used [0x00000000a0000000,0x00000000a062fe80,0x00000000a2b00000)
 Metaspace       used 20696K, capacity 21150K, committed 21296K, reserved 1067008K
  class space    used 2951K, capacity 3119K, committed 3200K, reserved 1048576K
Event: 6.402 GC heap after
Heap after GC invocations=7 (full 0):
 PSYoungGen      total 71680K, used 7164K [0x00000000e0000000, 0x00000000e9000000, 0x0000000100000000)
  eden space 64512K, 0% used [0x00000000e0000000,0x00000000e0000000,0x00000000e3f00000)
  from space 7168K, 99% used [0x00000000e3f00000,0x00000000e45ff0d8,0x00000000e4600000)
  to   space 9216K, 0% used [0x00000000e8700000,0x00000000e8700000,0x00000000e9000000)
 ParOldGen       total 44032K, used 8258K [0x00000000a0000000, 0x00000000a2b00000, 0x00000000e0000000)
  object space 44032K, 18% used [0x00000000a0000000,0x00000000a0810bc8,0x00000000a2b00000)
 Metaspace       used 20696K, capacity 21150K, committed 21296K, reserved 1067008K
  class space    used 2951K, capacity 3119K, committed 3200K, reserved 1048576K
}
Event: 6.402 GC heap before
{Heap before GC invocations=8 (full 1):
 PSYoungGen      total 71680K, used 7164K [0x00000000e0000000, 0x00000000e9000000, 0x0000000100000000)
  eden space 64512K, 0% used [0x00000000e0000000,0x00000000e0000000,0x00000000e3f00000)
  from space 7168K, 99% used [0x00000000e3f00000,0x00000000e45ff0d8,0x00000000e4600000)
  to   space 9216K, 0% used [0x00000000e8700000,0x00000000e8700000,0x00000000e9000000)
 ParOldGen       total 44032K, used 8258K [0x00000000a0000000, 0x00000000a2b00000, 0x00000000e0000000)
  object space 44032K, 18% used [0x00000000a0000000,0x00000000a0810bc8,0x00000000a2b00000)
 Metaspace       used 20696K, capacity 21150K, committed 21296K, reserved 1067008K
  class space    used 2951K, capacity 3119K, committed 3200K, reserved 1048576K
Event: 6.493 GC heap after
Heap after GC invocations=8 (full 1):
 PSYoungGen      total 71680K, used 0K [0x00000000e0000000, 0x00000000e9000000, 0x0000000100000000)
  eden space 64512K, 0% used [0x00000000e0000000,0x00000000e0000000,0x00000000e3f00000)
  from space 7168K, 0% used [0x00000000e3f00000,0x00000000e3f00000,0x00000000e4600000)
  to   space 9216K, 0% used [0x00000000e8700000,0x00000000e8700000,0x00000000e9000000)
 ParOldGen       total 38400K, used 10451K [0x00000000a0000000, 0x00000000a2580000, 0x00000000e0000000)
  object space 38400K, 27% used [0x00000000a0000000,0x00000000a0a34e10,0x00000000a2580000)
 Metaspace       used 20696K, capacity 21150K, committed 21296K, reserved 1067008K
  class space    used 2951K, capacity 3119K, committed 3200K, reserved 1048576K
}
Event: 8.635 GC heap before
{Heap before GC invocations=9 (full 1):
 PSYoungGen      total 71680K, used 64512K [0x00000000e0000000, 0x00000000e9000000, 0x0000000100000000)
  eden space 64512K, 100% used [0x00000000e0000000,0x00000000e3f00000,0x00000000e3f00000)
  from space 7168K, 0% used [0x00000000e3f00000,0x00000000e3f00000,0x00000000e4600000)
  to   space 9216K, 0% used [0x00000000e8700000,0x00000000e8700000,0x00000000e9000000)
 ParOldGen       total 38400K, used 10451K [0x00000000a0000000, 0x00000000a2580000, 0x00000000e0000000)
  object space 38400K, 27% used [0x00000000a0000000,0x00000000a0a34e10,0x00000000a2580000)
 Metaspace       used 28959K, capacity 29554K, committed 29696K, reserved 1075200K
  class space    used 3898K, capacity 4096K, committed 4096K, reserved 1048576K
Event: 8.649 GC heap after
Heap after GC invocations=9 (full 1):
 PSYoungGen      total 104448K, used 8003K [0x00000000e0000000, 0x00000000e8f00000, 0x0000000100000000)
  eden space 96256K, 0% used [0x00000000e0000000,0x00000000e0000000,0x00000000e5e00000)
  from space 8192K, 97% used [0x00000000e8700000,0x00000000e8ed0ee8,0x00000000e8f00000)
  to   space 10240K, 0% used [0x00000000e7b00000,0x00000000e7b00000,0x00000000e8500000)
 ParOldGen       total 38400K, used 10459K [0x00000000a0000000, 0x00000000a2580000, 0x00000000e0000000)
  object space 38400K, 27% used [0x00000000a0000000,0x00000000a0a36e10,0x00000000a2580000)
 Metaspace       used 28959K, capacity 29554K, committed 29696K, reserved 1075200K
  class space    used 3898K, capacity 4096K, committed 4096K, reserved 1048576K
}

Deoptimization events (10 events):
Event: 8.039 Thread 0x000000001baf7000 Uncommon trap: reason=unstable_if action=reinterpret pc=0x000000000566f2a0 method=java.util.HashMap.hash(Ljava/lang/Object;)I @ 1
Event: 8.150 Thread 0x000000001baf7000 Uncommon trap: reason=unstable_if action=reinterpret pc=0x000000000543fcf8 method=java.util.HashMap.getNode(ILjava/lang/Object;)Ljava/util/HashMap$Node; @ 53
Event: 8.150 Thread 0x000000001baf7000 Uncommon trap: reason=unstable_if action=reinterpret pc=0x00000000056331e4 method=java.util.HashMap.hash(Ljava/lang/Object;)I @ 1
Event: 8.150 Thread 0x000000001baf7000 Uncommon trap: reason=unstable_if action=reinterpret pc=0x000000000562d758 method=java.util.HashMap.putVal(ILjava/lang/Object;Ljava/lang/Object;ZZ)Ljava/lang/Object; @ 85
Event: 8.264 Thread 0x000000001baf7000 Uncommon trap: reason=unstable_if action=reinterpret pc=0x00000000054ab370 method=java.util.LinkedHashMap.afterNodeInsertion(Z)V @ 1
Event: 8.580 Thread 0x000000001baf7000 Uncommon trap: reason=unstable_if action=reinterpret pc=0x00000000059ebb8c method=java.util.WeakHashMap.put(Ljava/lang/Object;Ljava/lang/Object;)Ljava/lang/Object; @ 72
Event: 8.651 Thread 0x00000000051c1000 Uncommon trap: reason=unstable_if action=reinterpret pc=0x00000000057d2178 method=java.lang.ref.Reference.tryHandlePending(Z)Z @ 104
Event: 8.679 Thread 0x000000001baf7000 Uncommon trap: reason=class_check action=maybe_recompile pc=0x00000000057d3b70 method=sun.misc.URLClassPath.getLoader(I)Lsun/misc/URLClassPath$Loader; @ 94
Event: 8.687 Thread 0x000000001baf7000 Uncommon trap: reason=class_check action=maybe_recompile pc=0x00000000057d9ac0 method=sun.misc.URLClassPath.getLoader(I)Lsun/misc/URLClassPath$Loader; @ 239
Event: 8.830 Thread 0x000000001baf7000 Uncommon trap: reason=unstable_if action=reinterpret pc=0x000000000546844c method=java.io.WinNTFileSystem.resolve(Ljava/lang/String;Ljava/lang/String;)Ljava/lang/String; @ 49

Classes redefined (0 events):
No events

Internal exceptions (10 events):
Event: 8.929 Thread 0x000000001baf7000 Exception <a 'java/lang/ClassNotFoundException': org/gradle/api/internal/DefaultNamedDomainObjectCollectionBeanInfo> (0x00000000e117d288) thrown at [D:\src\AOSP-openjdk-cygwin\jdk8u\hotspot\src\share\vm\classfile\systemDictionary.cpp, line 210]
Event: 8.931 Thread 0x000000001baf7000 Exception <a 'java/lang/ClassNotFoundException': org/gradle/api/internal/DefaultDomainObjectCollectionBeanInfo> (0x00000000e11ac698) thrown at [D:\src\AOSP-openjdk-cygwin\jdk8u\hotspot\src\share\vm\classfile\systemDictionary.cpp, line 210]
Event: 8.932 Thread 0x000000001baf7000 Exception <a 'java/lang/ClassNotFoundException': java/util/AbstractCollectionBeanInfo> (0x00000000e11b0df0) thrown at [D:\src\AOSP-openjdk-cygwin\jdk8u\hotspot\src\share\vm\classfile\systemDictionary.cpp, line 210]
Event: 8.932 Thread 0x000000001baf7000 Exception <a 'java/lang/ClassNotFoundException': java/util/AbstractCollectionCustomizer> (0x00000000e11b5558) thrown at [D:\src\AOSP-openjdk-cygwin\jdk8u\hotspot\src\share\vm\classfile\systemDictionary.cpp, line 210]
Event: 8.945 Thread 0x000000001baf7000 Exception <a 'java/lang/ClassNotFoundException': org/gradle/api/internal/DefaultDomainObjectCollectionCustomizer> (0x00000000e11efee8) thrown at [D:\src\AOSP-openjdk-cygwin\jdk8u\hotspot\src\share\vm\classfile\systemDictionary.cpp, line 210]
Event: 8.947 Thread 0x000000001baf7000 Exception <a 'java/lang/ClassNotFoundException': org/gradle/api/internal/DefaultNamedDomainObjectCollectionCustomizer> (0x00000000e1248c58) thrown at [D:\src\AOSP-openjdk-cygwin\jdk8u\hotspot\src\share\vm\classfile\systemDictionary.cpp, line 210]
Event: 8.952 Thread 0x000000001baf7000 Exception <a 'java/lang/ClassNotFoundException': org/gradle/api/internal/DefaultNamedDomainObjectListCustomizer> (0x00000000e12b7560) thrown at [D:\src\AOSP-openjdk-cygwin\jdk8u\hotspot\src\share\vm\classfile\systemDictionary.cpp, line 210]
Event: 8.956 Thread 0x000000001baf7000 Exception <a 'java/lang/ClassNotFoundException': org/gradle/api/internal/artifacts/DefaultArtifactRepositoryContainerCustomizer> (0x00000000e1323ef8) thrown at [D:\src\AOSP-openjdk-cygwin\jdk8u\hotspot\src\share\vm\classfile\systemDictionary.cpp, line 210
Event: 8.959 Thread 0x000000001baf7000 Exception <a 'java/lang/ClassNotFoundException': org/gradle/api/internal/artifacts/dsl/DefaultRepositoryHandlerCustomizer> (0x00000000e1381518) thrown at [D:\src\AOSP-openjdk-cygwin\jdk8u\hotspot\src\share\vm\classfile\systemDictionary.cpp, line 210]
Event: 8.962 Thread 0x000000001baf7000 Exception <a 'java/lang/ClassNotFoundException': org/gradle/api/internal/artifacts/dsl/DefaultRepositoryHandler_DecoratedCustomizer> (0x00000000e13f48f0) thrown at [D:\src\AOSP-openjdk-cygwin\jdk8u\hotspot\src\share\vm\classfile\systemDictionary.cpp, line

Events (10 events):
Event: 9.721 loading class com/google/common/io/BaseEncoding$StandardBaseEncoding$1
Event: 9.721 loading class com/google/common/io/BaseEncoding$StandardBaseEncoding$1 done
Event: 9.722 loading class com/google/common/io/BaseEncoding$SeparatedBaseEncoding
Event: 9.722 loading class com/google/common/io/BaseEncoding$SeparatedBaseEncoding done
Event: 9.723 loading class com/google/common/io/BaseEncoding$StandardBaseEncoding$2
Event: 9.723 loading class com/google/common/io/BaseEncoding$StandardBaseEncoding$2 done
Event: 9.728 loading class com/google/common/io/BaseEncoding$Alphabet
Event: 9.728 loading class com/google/common/io/BaseEncoding$Alphabet done
Event: 9.730 loading class com/google/common/base/Ascii
Event: 9.730 loading class com/google/common/base/Ascii done


Dynamic libraries:
0x00007ff76a860000 - 0x00007ff76a891000 	E:\android-studio\jre\bin\java.exe
0x00007ffa64420000 - 0x00007ffa64600000 	C:\Windows\SYSTEM32\ntdll.dll
0x00007ffa61a60000 - 0x00007ffa61b0e000 	C:\Windows\System32\KERNEL32.DLL
0x00007ffa60c60000 - 0x00007ffa60ec6000 	C:\Windows\System32\KERNELBASE.dll
0x00007ffa640b0000 - 0x00007ffa64151000 	C:\Windows\System32\ADVAPI32.dll
0x00007ffa63d50000 - 0x00007ffa63ded000 	C:\Windows\System32\msvcrt.dll
0x00007ffa64390000 - 0x00007ffa643eb000 	C:\Windows\System32\sechost.dll
0x00007ffa63a70000 - 0x00007ffa63b8f000 	C:\Windows\System32\RPCRT4.dll
0x00007ffa64160000 - 0x00007ffa642ee000 	C:\Windows\System32\USER32.dll
0x00007ffa60af0000 - 0x00007ffa60b10000 	C:\Windows\System32\win32u.dll
0x00007ffa61b90000 - 0x00007ffa61bb8000 	C:\Windows\System32\GDI32.dll
0x00007ffa60f20000 - 0x00007ffa610b1000 	C:\Windows\System32\gdi32full.dll
0x00007ffa60b10000 - 0x00007ffa60bab000 	C:\Windows\System32\msvcp_win.dll
0x00007ffa60820000 - 0x00007ffa60916000 	C:\Windows\System32\ucrtbase.dll
0x00007ffa48330000 - 0x00007ffa48599000 	C:\Windows\WinSxS\amd64_microsoft.windows.common-controls_6595b64144ccf1df_6.0.16299.15_none_cc92fb402215d91d\COMCTL32.dll
0x00007ffa63100000 - 0x00007ffa63408000 	C:\Windows\System32\combase.dll
0x00007ffa610c0000 - 0x00007ffa61132000 	C:\Windows\System32\bcryptPrimitives.dll
0x00007ffa630d0000 - 0x00007ffa630fd000 	C:\Windows\System32\IMM32.DLL
0x0000000061c70000 - 0x0000000061d42000 	E:\android-studio\jre\jre\bin\msvcr100.dll
0x0000000062910000 - 0x0000000063151000 	E:\android-studio\jre\jre\bin\server\jvm.dll
0x00007ffa63410000 - 0x00007ffa63418000 	C:\Windows\System32\PSAPI.DLL
0x00007ffa55610000 - 0x00007ffa5561a000 	C:\Windows\SYSTEM32\VERSION.dll
0x00007ffa5d230000 - 0x00007ffa5d253000 	C:\Windows\SYSTEM32\WINMM.dll
0x00007ffa5d1d0000 - 0x00007ffa5d1fa000 	C:\Windows\SYSTEM32\winmmbase.dll
0x00007ffa60ed0000 - 0x00007ffa60f1a000 	C:\Windows\System32\cfgmgr32.dll
0x00007ffa5f480000 - 0x00007ffa5f489000 	C:\Windows\SYSTEM32\WSOCK32.dll
0x00007ffa63df0000 - 0x00007ffa63e5c000 	C:\Windows\System32\ws2_32.DLL
0x00007ffa5a0b0000 - 0x00007ffa5a0bf000 	E:\android-studio\jre\jre\bin\verify.dll
0x00007ffa56740000 - 0x00007ffa56769000 	E:\android-studio\jre\jre\bin\java.dll
0x00007ffa566e0000 - 0x00007ffa566f6000 	E:\android-studio\jre\jre\bin\zip.dll
0x00007ffa61c90000 - 0x00007ffa630c7000 	C:\Windows\System32\SHELL32.dll
0x00007ffa63e60000 - 0x00007ffa63f06000 	C:\Windows\System32\shcore.dll
0x00007ffa611a0000 - 0x00007ffa618e7000 	C:\Windows\System32\windows.storage.dll
0x00007ffa63ce0000 - 0x00007ffa63d31000 	C:\Windows\System32\shlwapi.dll
0x00007ffa60770000 - 0x00007ffa60781000 	C:\Windows\System32\kernel.appcore.dll
0x00007ffa607b0000 - 0x00007ffa607fc000 	C:\Windows\System32\powrprof.dll
0x00007ffa60800000 - 0x00007ffa6081b000 	C:\Windows\System32\profapi.dll
0x00007ffa566c0000 - 0x00007ffa566da000 	E:\android-studio\jre\jre\bin\net.dll
0x00007ffa60000000 - 0x00007ffa60066000 	C:\Windows\system32\mswsock.dll
0x00007ffa566a0000 - 0x00007ffa566b1000 	E:\android-studio\jre\jre\bin\nio.dll
0x00007ffa549e0000 - 0x00007ffa54a06000 	C:\Users\Admin\.gradle\native\29\windows-amd64\native-platform.dll
0x00007ffa58bb0000 - 0x00007ffa58bbd000 	E:\android-studio\jre\jre\bin\management.dll
0x00007ffa601c0000 - 0x00007ffa601d7000 	C:\Windows\SYSTEM32\CRYPTSP.dll
0x00007ffa5fc10000 - 0x00007ffa5fc43000 	C:\Windows\system32\rsaenh.dll
0x00007ffa602d0000 - 0x00007ffa602f5000 	C:\Windows\SYSTEM32\bcrypt.dll
0x00007ffa60670000 - 0x00007ffa60699000 	C:\Windows\SYSTEM32\USERENV.dll
0x00007ffa601e0000 - 0x00007ffa601eb000 	C:\Windows\SYSTEM32\CRYPTBASE.dll
0x00007ffa5fd90000 - 0x00007ffa5fdc9000 	C:\Windows\SYSTEM32\IPHLPAPI.DLL
0x00007ffa63d40000 - 0x00007ffa63d48000 	C:\Windows\System32\NSI.dll
0x00007ffa5ae40000 - 0x00007ffa5ae56000 	C:\Windows\SYSTEM32\dhcpcsvc6.DLL
0x00007ffa5af40000 - 0x00007ffa5af5a000 	C:\Windows\SYSTEM32\dhcpcsvc.DLL

VM Arguments:
jvm_args: -Xmx1536m -Dfile.encoding=windows-1252 -Duser.country=US -Duser.language=en -Duser.variant 
java_command: org.gradle.launcher.daemon.bootstrap.GradleDaemon 5.4.1
java_class_path (initial): C:\Users\Admin\.gradle\wrapper\dists\gradle-5.4.1-all\3221gyojl5jsh0helicew7rwx\gradle-5.4.1\lib\gradle-launcher-5.4.1.jar
Launcher Type: SUN_STANDARD

Environment Variables:
JAVA_HOME=C:\Program Files\Java\jdk1.8.0_211
CLASSPATH=.;
PATH=C:\Python27\;C:\Python27\Scripts;C:\Program Files (x86)\Common Files\Oracle\Java\javapath;C:\Windows\system32;C:\Windows;C:\Windows\System32\Wbem;C:\Windows\System32\WindowsPowerShell\v1.0\;C:\Program Files (x86)\GtkSharp\2.12\bin;C:\Program Files (x86)\Windows Kits\10\Windows Performance Toolkit\;C:\Program Files (x86)\Microsoft SQL Server\100\Tools\Binn\;C:\Program Files\Microsoft SQL Server\100\Tools\Binn\;C:\Program Files\Microsoft SQL Server\100\DTS\Binn\;C:\Program Files (x86)\Microsoft SQL Server\100\Tools\Binn\VSShell\Common7\IDE\;C:\Program Files (x86)\Microsoft SQL Server\100\DTS\Binn\;C:\Program Files\Microsoft SQL Server\120\Tools\Binn\;C:\Program Files\Microsoft SQL Server\Client SDK\ODBC\110\Tools\Binn\;C:\Program Files (x86)\Microsoft SQL Server\120\Tools\Binn\;C:\Program Files\Microsoft SQL Server\120\DTS\Binn\;C:\Program Files (x86)\Microsoft SQL Server\120\Tools\Binn\ManagementStudio\;C:\Program Files (x86)\Microsoft SQL Server\120\DTS\Binn\;C:\ProgramData\chocolatey\bin;C:\Program Files\Java\jdk1.8.0_211\bin;C:\Program Files\Microsoft\Web Platform Installer\;C:\Program Files (x86)\Microsoft ASP.NET\ASP.NET Web Pages\v1.0\;C:\xampp\php;C:\composer;E:\NodeJS\;C:\Program Files\Git\cmd;C:\Users\Admin\AppData\Local\Microsoft\WindowsApps;C:\Users\Admin\AppData\Local\Programs\Microsoft VS Code\bin;C:\Users\Admin\AppData\Roaming\Composer\vendor\bin;C:\Users\Admin\AppData\Roaming\npm
USERNAME=Admin
OS=Windows_NT
PROCESSOR_IDENTIFIER=Intel64 Family 6 Model 69 Stepping 1, GenuineIntel



---------------  S Y S T E M  ---------------

OS: Windows 10.0 , 64 bit Build 16299 (10.0.16299.15)

CPU:total 4 (initial active 4) (2 cores per cpu, 2 threads per core) family 6 model 69 stepping 1, cmov, cx8, fxsr, mmx, sse, sse2, sse3, ssse3, sse4.1, sse4.2, popcnt, avx, avx2, aes, clmul, erms, lzcnt, ht, tsc, tscinvbit, bmi1, bmi2

Memory: 4k page, physical 4098072k(122176k free), swap 13403156k(5456k free)

vm_info: OpenJDK 64-Bit Server VM (25.152-b01) for windows-amd64 JRE (1.8.0_152-release-1343-b01), built by "builder" with MS VC++ 10.0 (VS2010)

time: Sat Nov 02 13:55:37 2019
elapsed time: 9 seconds (0d 0h 0m 9s)

