#
# There is insufficient memory for the Java Runtime Environment to continue.
# Native memory allocation (malloc) failed to allocate 262160 bytes for Chunk::new
# Possible reasons:
#   The system is out of physical RAM or swap space
#   In 32 bit mode, the process size limit was hit
# Possible solutions:
#   Reduce memory load on the system
#   Increase physical memory or swap space
#   Check if swap backing store is full
#   Use 64 bit Java on a 64 bit OS
#   Decrease Java heap size (-Xmx/-Xms)
#   Decrease number of Java threads
#   Decrease Java thread stack sizes (-Xss)
#   Set larger code cache with -XX:ReservedCodeCacheSize=
# This output file may be truncated or incomplete.
#
#  Out of Memory Error (allocation.cpp:390), pid=8604, tid=0x0000000000000168
#
# JRE version: OpenJDK Runtime Environment (8.0_152-b01) (build 1.8.0_152-release-1343-b01)
# Java VM: OpenJDK 64-Bit Server VM (25.152-b01 mixed mode windows-amd64 compressed oops)
# Failed to write core dump. Minidumps are not enabled by default on client versions of Windows
#

---------------  T H R E A D  ---------------

Current thread (0x0000000018720800):  JavaThread "C2 CompilerThread1" daemon [_thread_in_native, id=360, stack(0x0000000019e70000,0x0000000019f70000)]

Stack: [0x0000000019e70000,0x0000000019f70000]
[error occurred during error reporting (printing stack bounds), id 0xc0000005]

Native frames: (J=compiled Java code, j=interpreted, Vv=VM code, C=native code)


Current CompileTask:
C2:4996240 23122       4       com.android.tools.r8.org.objectweb.asm.ClassReader::readMethod (1047 bytes)


---------------  P R O C E S S  ---------------

Java Threads: ( => current thread )
  0x000000001e65d800 JavaThread "ForkJoinPool.commonPool-worker-1" daemon [_thread_in_Java, id=11448, stack(0x0000000030e40000,0x0000000030f40000)]
  0x000000001e65b000 JavaThread "ForkJoinPool.commonPool-worker-0" daemon [_thread_in_native, id=8884, stack(0x0000000030d40000,0x0000000030e40000)]
  0x000000001e660800 JavaThread "ForkJoinPool.commonPool-worker-3" daemon [_thread_in_Java, id=432, stack(0x0000000030c40000,0x0000000030d40000)]
  0x000000001e65c000 JavaThread "stdout" [_thread_in_native, id=8376, stack(0x0000000030a40000,0x0000000030b40000)]
  0x000000001e65f800 JavaThread "stderr" [_thread_in_native, id=7424, stack(0x0000000030940000,0x0000000030a40000)]
  0x000000001be2f800 JavaThread "pool-31-thread-1" [_thread_blocked, id=1836, stack(0x0000000030840000,0x0000000030940000)]
  0x000000001be2e000 JavaThread "Cache worker for execution history cache (E:\Reuse\.gradle\5.4.1\executionHistory)" [_thread_blocked, id=11280, stack(0x0000000030740000,0x0000000030840000)]
  0x000000001be34800 JavaThread "Execution worker for ':' Thread 3" [_thread_blocked, id=10144, stack(0x0000000030640000,0x0000000030740000)]
  0x000000001be34000 JavaThread "Execution worker for ':' Thread 2" [_thread_blocked, id=10220, stack(0x0000000030540000,0x0000000030640000)]
  0x000000001be2b800 JavaThread "Execution worker for ':'" [_thread_blocked, id=10408, stack(0x0000000030440000,0x0000000030540000)]
  0x000000001be32800 JavaThread "Cache worker for file content cache (E:\Reuse\.gradle\5.4.1\fileContent)" [_thread_blocked, id=6276, stack(0x0000000030340000,0x0000000030440000)]
  0x000000001be2d000 JavaThread "Cache worker for Build Output Cleanup Cache (E:\Reuse\.gradle\buildOutputCleanup)" [_thread_blocked, id=7028, stack(0x0000000030240000,0x0000000030340000)]
  0x000000001be2e800 JavaThread "Build operations Thread 4" [_thread_blocked, id=8600, stack(0x0000000030140000,0x0000000030240000)]
  0x000000001be31800 JavaThread "Build operations Thread 3" [_thread_blocked, id=10904, stack(0x0000000030040000,0x0000000030140000)]
  0x000000001be27000 JavaThread "Build operations Thread 2" [_thread_blocked, id=10944, stack(0x000000002ff40000,0x0000000030040000)]
  0x000000001be29800 JavaThread "Build operations" [_thread_blocked, id=11044, stack(0x000000002fe40000,0x000000002ff40000)]
  0x000000001be2b000 JavaThread "Cache worker for cache directory md-rule (C:\Users\Admin\.gradle\caches\5.4.1\md-rule)" [_thread_blocked, id=6504, stack(0x000000002fd40000,0x000000002fe40000)]
  0x000000001be28800 JavaThread "Cache worker for cache directory md-supplier (C:\Users\Admin\.gradle\caches\5.4.1\md-supplier)" [_thread_blocked, id=5208, stack(0x000000002fc40000,0x000000002fd40000)]
  0x000000001be28000 JavaThread "Cache worker for file hash cache (E:\Reuse\.gradle\5.4.1\fileHashes)" [_thread_blocked, id=9048, stack(0x000000002fb40000,0x000000002fc40000)]
  0x000000001b234800 JavaThread "Thread-114" [_thread_blocked, id=6620, stack(0x000000002fa40000,0x000000002fb40000)]
  0x000000001b236000 JavaThread "Asynchronous log dispatcher for DefaultDaemonConnection: socket connection from /127.0.0.1:54362 to /127.0.0.1:56220" [_thread_blocked, id=2392, stack(0x000000002f840000,0x000000002f940000)]
  0x000000001b231800 JavaThread "Cancel handler" [_thread_blocked, id=6636, stack(0x000000002f740000,0x000000002f840000)]
  0x000000001b230800 JavaThread "Handler for socket connection from /127.0.0.1:54362 to /127.0.0.1:56220" [_thread_in_native, id=8488, stack(0x000000002f640000,0x000000002f740000)]
  0x000000001e65a800 JavaThread "Daemon worker Thread 4" [_thread_blocked, id=10576, stack(0x000000002cd40000,0x000000002ce40000)]
  0x000000001e661000 JavaThread "Daemon Thread 4" [_thread_blocked, id=8872, stack(0x000000002ca40000,0x000000002cb40000)]
  0x000000001e65c800 JavaThread "Cache worker for Java compile cache (C:\Users\Admin\.gradle\caches\5.4.1\javaCompile)" [_thread_blocked, id=8572, stack(0x000000002ae40000,0x000000002af40000)]
  0x000000001be35800 JavaThread "Cache worker for file content cache (C:\Users\Admin\.gradle\caches\5.4.1\fileContent)" [_thread_blocked, id=9484, stack(0x000000002a540000,0x000000002a640000)]
  0x000000001be2c800 JavaThread "Memory manager" [_thread_blocked, id=7192, stack(0x0000000025b10000,0x0000000025c10000)]
  0x000000001be26800 JavaThread "Cache worker for execution history cache (C:\Users\Admin\.gradle\caches\5.4.1\executionHistory)" [_thread_blocked, id=2204, stack(0x00000000226d0000,0x00000000227d0000)]
  0x000000001b22f000 JavaThread "Cache worker for journal cache (C:\Users\Admin\.gradle\caches\journal-1)" [_thread_blocked, id=7212, stack(0x000000001d2c0000,0x000000001d3c0000)]
  0x000000001b235000 JavaThread "File lock request listener" [_thread_in_native, id=9360, stack(0x000000001d1c0000,0x000000001d2c0000)]
  0x000000001a195800 JavaThread "Cache worker for file hash cache (C:\Users\Admin\.gradle\caches\5.4.1\fileHashes)" [_thread_blocked, id=11908, stack(0x000000001d0c0000,0x000000001d1c0000)]
  0x000000001ada0800 JavaThread "Daemon periodic checks" [_thread_blocked, id=3932, stack(0x000000001c6c0000,0x000000001c7c0000)]
  0x000000001ad9c000 JavaThread "Incoming local TCP Connector on port 54362" [_thread_in_native, id=2660, stack(0x000000001c480000,0x000000001c580000)]
  0x000000001b4cd800 JavaThread "Daemon health stats" [_thread_blocked, id=2292, stack(0x000000001be40000,0x000000001bf40000)]
  0x0000000019f7d800 JavaThread "Service Thread" daemon [_thread_blocked, id=9076, stack(0x000000001a470000,0x000000001a570000)]
  0x0000000019f78800 JavaThread "C1 CompilerThread2" daemon [_thread_blocked, id=9640, stack(0x000000001a370000,0x000000001a470000)]
=>0x0000000018720800 JavaThread "C2 CompilerThread1" daemon [_thread_in_native, id=360, stack(0x0000000019e70000,0x0000000019f70000)]
  0x000000001871c800 JavaThread "C2 CompilerThread0" daemon [_thread_in_native, id=2364, stack(0x0000000019d70000,0x0000000019e70000)]
  0x000000001871a800 JavaThread "Attach Listener" daemon [_thread_blocked, id=5840, stack(0x0000000019c70000,0x0000000019d70000)]
  0x0000000004dae800 JavaThread "Signal Dispatcher" daemon [_thread_blocked, id=6440, stack(0x0000000019b70000,0x0000000019c70000)]
  0x0000000004da4800 JavaThread "Finalizer" daemon [_thread_blocked, id=11748, stack(0x0000000019980000,0x0000000019a80000)]
  0x0000000004da1000 JavaThread "Reference Handler" daemon [_thread_blocked, id=9528, stack(0x0000000019880000,0x0000000019980000)]
  0x0000000004aee000 JavaThread "main" [_thread_blocked, id=11936, stack(0x0000000004bb0000,0x0000000004cb0000)]

Other Threads:
  0x00000000186e6800 VMThread [stack: 0x0000000019780000,0x0000000019880000] [id=1972]
  0x0000000019f7f000 WatcherThread [stack: 0x000000001a570000,0x000000001a670000] [id=6720]

VM state:not at safepoint (normal execution)

VM Mutex/Monitor currently owned by a thread: None

Heap:
 PSYoungGen      total 424960K, used 121660K [0x00000000e0000000, 0x00000000fd480000, 0x0000000100000000)
  eden space 386048K, 26% used [0x00000000e0000000,0x00000000e64d9ae0,0x00000000f7900000)
  from space 38912K, 47% used [0x00000000f9d80000,0x00000000faf75630,0x00000000fc380000)
  to   space 37376K, 0% used [0x00000000f7900000,0x00000000f7900000,0x00000000f9d80000)
 ParOldGen       total 158720K, used 72953K [0x00000000a0000000, 0x00000000a9b00000, 0x00000000e0000000)
  object space 158720K, 45% used [0x00000000a0000000,0x00000000a473e5e8,0x00000000a9b00000)
 Metaspace       used 100949K, capacity 105775K, committed 106112K, reserved 1142784K
  class space    used 12681K, capacity 13611K, committed 13696K, reserved 1048576K

Card table byte_map: [0x0000000014170000,0x0000000014480000] byte_map_base: 0x0000000013c70000

Marking Bits: (ParMarkBitMap*) 0x0000000065745aa0
 Begin Bits: [0x0000000014a80000, 0x0000000016280000)
 End Bits:   [0x0000000016280000, 0x0000000017a80000)

Polling page: 0x0000000000bf0000

CodeCache: size=245760Kb used=66031Kb max_used=66042Kb free=179728Kb
 bounds [0x0000000004db0000, 0x0000000008e80000, 0x0000000013db0000]
 total_blobs=19418 nmethods=18504 adapters=825
 compilation: enabled

Compilation events (10 events):
Event: 4995.215 Thread 0x000000001871c800 nmethod 23124% 0x0000000008e61110 code [0x0000000008e61460, 0x0000000008e62708]
Event: 4995.216 Thread 0x000000001871c800 23128 %     4       com.android.tools.r8.graph.JarCode::hasJsr @ 8 (51 bytes)
Event: 4995.220 Thread 0x000000001871c800 nmethod 23128% 0x0000000008e60d50 code [0x0000000008e60ea0, 0x0000000008e60ff8]
Event: 4995.220 Thread 0x000000001871c800 23129 %     4       com.android.tools.r8.org.objectweb.asm.tree.InsnList::toArray @ 15 (41 bytes)
Event: 4995.229 Thread 0x000000001871c800 nmethod 23129% 0x0000000008e53210 code [0x0000000008e53360, 0x0000000008e53678]
Event: 4995.229 Thread 0x000000001871c800 23127       4       com.android.tools.r8.org.objectweb.asm.tree.MethodNode::visitInsn (16 bytes)
Event: 4995.232 Thread 0x000000001871c800 nmethod 23127 0x0000000008e75d50 code [0x0000000008e75ea0, 0x0000000008e75ff8]
Event: 4995.232 Thread 0x000000001871c800 23131       4       com.android.tools.r8.ir.conversion.IRBuilder::writeRegister (38 bytes)
Event: 4995.257 Thread 0x000000001871c800 nmethod 23131 0x0000000008e648d0 code [0x0000000008e64a60, 0x0000000008e64f68]
Event: 4995.257 Thread 0x000000001871c800 23132       4       com.android.tools.r8.ir.conversion.IRBuilder::add (55 bytes)

GC Heap History (10 events):
Event: 4443.319 GC heap before
{Heap before GC invocations=26 (full 4):
 PSYoungGen      total 284672K, used 260328K [0x00000000e0000000, 0x00000000f6480000, 0x0000000100000000)
  eden space 246784K, 100% used [0x00000000e0000000,0x00000000ef100000,0x00000000ef100000)
  from space 37888K, 35% used [0x00000000ef100000,0x00000000efe3a0a0,0x00000000f1600000)
  to   space 35840K, 0% used [0x00000000f4180000,0x00000000f4180000,0x00000000f6480000)
 ParOldGen       total 158720K, used 72913K [0x00000000a0000000, 0x00000000a9b00000, 0x00000000e0000000)
  object space 158720K, 45% used [0x00000000a0000000,0x00000000a47345e8,0x00000000a9b00000)
 Metaspace       used 98920K, capacity 103341K, committed 103552K, reserved 1138688K
  class space    used 12475K, capacity 13338K, committed 13440K, reserved 1048576K
Event: 4443.606 GC heap after
Heap after GC invocations=26 (full 4):
 PSYoungGen      total 327168K, used 9808K [0x00000000e0000000, 0x00000000f6280000, 0x0000000100000000)
  eden space 293376K, 0% used [0x00000000e0000000,0x00000000e0000000,0x00000000f1e80000)
  from space 33792K, 29% used [0x00000000f4180000,0x00000000f4b14018,0x00000000f6280000)
  to   space 34816K, 0% used [0x00000000f1e80000,0x00000000f1e80000,0x00000000f4080000)
 ParOldGen       total 158720K, used 72921K [0x00000000a0000000, 0x00000000a9b00000, 0x00000000e0000000)
  object space 158720K, 45% used [0x00000000a0000000,0x00000000a47365e8,0x00000000a9b00000)
 Metaspace       used 98920K, capacity 103341K, committed 103552K, reserved 1138688K
  class space    used 12475K, capacity 13338K, committed 13440K, reserved 1048576K
}
Event: 4887.022 GC heap before
{Heap before GC invocations=27 (full 4):
 PSYoungGen      total 327168K, used 303184K [0x00000000e0000000, 0x00000000f6280000, 0x0000000100000000)
  eden space 293376K, 100% used [0x00000000e0000000,0x00000000f1e80000,0x00000000f1e80000)
  from space 33792K, 29% used [0x00000000f4180000,0x00000000f4b14018,0x00000000f6280000)
  to   space 34816K, 0% used [0x00000000f1e80000,0x00000000f1e80000,0x00000000f4080000)
 ParOldGen       total 158720K, used 72921K [0x00000000a0000000, 0x00000000a9b00000, 0x00000000e0000000)
  object space 158720K, 45% used [0x00000000a0000000,0x00000000a47365e8,0x00000000a9b00000)
 Metaspace       used 100285K, capacity 104879K, committed 105088K, reserved 1140736K
  class space    used 12638K, capacity 13555K, committed 13696K, reserved 1048576K
Event: 4887.686 GC heap after
Heap after GC invocations=27 (full 4):
 PSYoungGen      total 328192K, used 20765K [0x00000000e0000000, 0x00000000f9180000, 0x0000000100000000)
  eden space 293376K, 0% used [0x00000000e0000000,0x00000000e0000000,0x00000000f1e80000)
  from space 34816K, 59% used [0x00000000f1e80000,0x00000000f32c7700,0x00000000f4080000)
  to   space 34816K, 0% used [0x00000000f6f80000,0x00000000f6f80000,0x00000000f9180000)
 ParOldGen       total 158720K, used 72929K [0x00000000a0000000, 0x00000000a9b00000, 0x00000000e0000000)
  object space 158720K, 45% used [0x00000000a0000000,0x00000000a47385e8,0x00000000a9b00000)
 Metaspace       used 100285K, capacity 104879K, committed 105088K, reserved 1140736K
  class space    used 12638K, capacity 13555K, committed 13696K, reserved 1048576K
}
Event: 4891.269 GC heap before
{Heap before GC invocations=28 (full 4):
 PSYoungGen      total 328192K, used 314141K [0x00000000e0000000, 0x00000000f9180000, 0x0000000100000000)
  eden space 293376K, 100% used [0x00000000e0000000,0x00000000f1e80000,0x00000000f1e80000)
  from space 34816K, 59% used [0x00000000f1e80000,0x00000000f32c7700,0x00000000f4080000)
  to   space 34816K, 0% used [0x00000000f6f80000,0x00000000f6f80000,0x00000000f9180000)
 ParOldGen       total 158720K, used 72929K [0x00000000a0000000, 0x00000000a9b00000, 0x00000000e0000000)
  object space 158720K, 45% used [0x00000000a0000000,0x00000000a47385e8,0x00000000a9b00000)
 Metaspace       used 100457K, capacity 105163K, committed 105344K, reserved 1140736K
  class space    used 12653K, capacity 13559K, committed 13696K, reserved 1048576K
Event: 4891.404 GC heap after
Heap after GC invocations=28 (full 4):
 PSYoungGen      total 373248K, used 28930K [0x00000000e0000000, 0x00000000fa080000, 0x0000000100000000)
  eden space 338432K, 0% used [0x00000000e0000000,0x00000000e0000000,0x00000000f4a80000)
  from space 34816K, 83% used [0x00000000f6f80000,0x00000000f8bc0b40,0x00000000f9180000)
  to   space 37888K, 0% used [0x00000000f4a80000,0x00000000f4a80000,0x00000000f6f80000)
 ParOldGen       total 158720K, used 72937K [0x00000000a0000000, 0x00000000a9b00000, 0x00000000e0000000)
  object space 158720K, 45% used [0x00000000a0000000,0x00000000a473a5e8,0x00000000a9b00000)
 Metaspace       used 100457K, capacity 105163K, committed 105344K, reserved 1140736K
  class space    used 12653K, capacity 13559K, committed 13696K, reserved 1048576K
}
Event: 4896.921 GC heap before
{Heap before GC invocations=29 (full 4):
 PSYoungGen      total 373248K, used 363295K [0x00000000e0000000, 0x00000000fa080000, 0x0000000100000000)
  eden space 338432K, 98% used [0x00000000e0000000,0x00000000f4687248,0x00000000f4a80000)
  from space 34816K, 83% used [0x00000000f6f80000,0x00000000f8bc0b40,0x00000000f9180000)
  to   space 37888K, 0% used [0x00000000f4a80000,0x00000000f4a80000,0x00000000f6f80000)
 ParOldGen       total 158720K, used 72937K [0x00000000a0000000, 0x00000000a9b00000, 0x00000000e0000000)
  object space 158720K, 45% used [0x00000000a0000000,0x00000000a473a5e8,0x00000000a9b00000)
 Metaspace       used 100660K, capacity 105325K, committed 105600K, reserved 1140736K
  class space    used 12654K, capacity 13562K, committed 13696K, reserved 1048576K
Event: 4896.976 GC heap after
Heap after GC invocations=29 (full 4):
 PSYoungGen      total 376320K, used 24773K [0x00000000e0000000, 0x00000000fc380000, 0x0000000100000000)
  eden space 338432K, 0% used [0x00000000e0000000,0x00000000e0000000,0x00000000f4a80000)
  from space 37888K, 65% used [0x00000000f4a80000,0x00000000f62b1708,0x00000000f6f80000)
  to   space 38912K, 0% used [0x00000000f9d80000,0x00000000f9d80000,0x00000000fc380000)
 ParOldGen       total 158720K, used 72945K [0x00000000a0000000, 0x00000000a9b00000, 0x00000000e0000000)
  object space 158720K, 45% used [0x00000000a0000000,0x00000000a473c5e8,0x00000000a9b00000)
 Metaspace       used 100660K, capacity 105325K, committed 105600K, reserved 1140736K
  class space    used 12654K, capacity 13562K, committed 13696K, reserved 1048576K
}
Event: 4981.447 GC heap before
{Heap before GC invocations=30 (full 4):
 PSYoungGen      total 376320K, used 363205K [0x00000000e0000000, 0x00000000fc380000, 0x0000000100000000)
  eden space 338432K, 100% used [0x00000000e0000000,0x00000000f4a80000,0x00000000f4a80000)
  from space 37888K, 65% used [0x00000000f4a80000,0x00000000f62b1708,0x00000000f6f80000)
  to   space 38912K, 0% used [0x00000000f9d80000,0x00000000f9d80000,0x00000000fc380000)
 ParOldGen       total 158720K, used 72945K [0x00000000a0000000, 0x00000000a9b00000, 0x00000000e0000000)
  object space 158720K, 45% used [0x00000000a0000000,0x00000000a473c5e8,0x00000000a9b00000)
 Metaspace       used 100921K, capacity 105771K, committed 105856K, reserved 1140736K
  class space    used 12678K, capacity 13611K, committed 13696K, reserved 1048576K
Event: 4991.618 GC heap after
Heap after GC invocations=30 (full 4):
 PSYoungGen      total 424960K, used 18389K [0x00000000e0000000, 0x00000000fd480000, 0x0000000100000000)
  eden space 386048K, 0% used [0x00000000e0000000,0x00000000e0000000,0x00000000f7900000)
  from space 38912K, 47% used [0x00000000f9d80000,0x00000000faf75630,0x00000000fc380000)
  to   space 37376K, 0% used [0x00000000f7900000,0x00000000f7900000,0x00000000f9d80000)
 ParOldGen       total 158720K, used 72953K [0x00000000a0000000, 0x00000000a9b00000, 0x00000000e0000000)
  object space 158720K, 45% used [0x00000000a0000000,0x00000000a473e5e8,0x00000000a9b00000)
 Metaspace       used 100921K, capacity 105771K, committed 105856K, reserved 1140736K
  class space    used 12678K, capacity 13611K, committed 13696K, reserved 1048576K
}

Deoptimization events (10 events):
Event: 4897.619 Thread 0x000000001e65a800 Uncommon trap: reason=unstable_if action=reinterpret pc=0x0000000004f850cc method=org.gradle.internal.logging.text.AbstractLineChoppingStyledTextOutput$2.execute(Lorg/gradle/internal/logging/text/AbstractLineChoppingStyledTextOutput$StateContext;)V @ 30
Event: 4897.621 Thread 0x000000001e65a800 Uncommon trap: reason=class_check action=maybe_recompile pc=0x0000000006b27e14 method=org.gradle.internal.logging.text.AbstractLineChoppingStyledTextOutput$StateContext.flushLineText()V @ 110
Event: 4897.621 Thread 0x000000001e65a800 Uncommon trap: reason=class_check action=maybe_recompile pc=0x0000000006b27e14 method=org.gradle.internal.logging.text.AbstractLineChoppingStyledTextOutput$StateContext.flushLineText()V @ 110
Event: 4897.621 Thread 0x000000001e65a800 Uncommon trap: reason=class_check action=maybe_recompile pc=0x0000000006b27e14 method=org.gradle.internal.logging.text.AbstractLineChoppingStyledTextOutput$StateContext.flushLineText()V @ 110
Event: 4897.621 Thread 0x000000001e65a800 Uncommon trap: reason=class_check action=maybe_recompile pc=0x0000000006b27e14 method=org.gradle.internal.logging.text.AbstractLineChoppingStyledTextOutput$StateContext.flushLineText()V @ 110
Event: 4928.319 Thread 0x000000001be34800 Uncommon trap: reason=class_check action=maybe_recompile pc=0x0000000007cc72c4 method=com.android.build.gradle.internal.LoggerWrapper.log(Lorg/gradle/api/logging/LogLevel;Ljava/lang/String;[Ljava/lang/Object;)V @ 5
Event: 4937.715 Thread 0x000000001be34800 Uncommon trap: reason=array_check action=maybe_recompile pc=0x0000000008dc267c method=java.util.LinkedList.toArray([Ljava/lang/Object;)[Ljava/lang/Object; @ 55
Event: 4937.715 Thread 0x000000001be34800 Uncommon trap: reason=array_check action=maybe_recompile pc=0x0000000008dc267c method=java.util.LinkedList.toArray([Ljava/lang/Object;)[Ljava/lang/Object; @ 55
Event: 4937.715 Thread 0x000000001be34800 Uncommon trap: reason=array_check action=maybe_recompile pc=0x0000000008dc267c method=java.util.LinkedList.toArray([Ljava/lang/Object;)[Ljava/lang/Object; @ 55
Event: 4937.715 Thread 0x000000001be34800 Uncommon trap: reason=array_check action=maybe_recompile pc=0x0000000008dc267c method=java.util.LinkedList.toArray([Ljava/lang/Object;)[Ljava/lang/Object; @ 55

Classes redefined (0 events):
No events

Internal exceptions (10 events):
Event: 4894.264 Thread 0x000000001e660800 Exception <a 'sun/nio/fs/WindowsException'> (0x00000000ef0ea838) thrown at [D:\src\AOSP-openjdk-cygwin\jdk8u\hotspot\src\share\vm\prims\jni.cpp, line 709]
Event: 4894.357 Thread 0x000000001b230800 Exception <a 'sun/nio/fs/WindowsException'> (0x00000000ef597b00) thrown at [D:\src\AOSP-openjdk-cygwin\jdk8u\hotspot\src\share\vm\prims\jni.cpp, line 709]
Event: 4894.367 Thread 0x000000001e660800 Exception <a 'sun/nio/fs/WindowsException'> (0x00000000ef69ea80) thrown at [D:\src\AOSP-openjdk-cygwin\jdk8u\hotspot\src\share\vm\prims\jni.cpp, line 709]
Event: 4894.452 Thread 0x000000001b230800 Exception <a 'sun/nio/fs/WindowsException'> (0x00000000efdad528) thrown at [D:\src\AOSP-openjdk-cygwin\jdk8u\hotspot\src\share\vm\prims\jni.cpp, line 709]
Event: 4894.610 Thread 0x000000001b230800 Exception <a 'sun/nio/fs/WindowsException'> (0x00000000f07996d0) thrown at [D:\src\AOSP-openjdk-cygwin\jdk8u\hotspot\src\share\vm\prims\jni.cpp, line 709]
Event: 4926.787 Thread 0x000000001e65a800 Exception <a 'sun/nio/fs/WindowsException'> (0x00000000e5ce4588) thrown at [D:\src\AOSP-openjdk-cygwin\jdk8u\hotspot\src\share\vm\prims\jni.cpp, line 709]
Event: 4933.997 Thread 0x000000001be34800 Exception <a 'sun/nio/fs/WindowsException'> (0x00000000ea4d0d38) thrown at [D:\src\AOSP-openjdk-cygwin\jdk8u\hotspot\src\share\vm\prims\jni.cpp, line 709]
Event: 4995.106 Thread 0x000000001e65b000 Exception <a 'sun/nio/fs/WindowsException'> (0x00000000e5e03228) thrown at [D:\src\AOSP-openjdk-cygwin\jdk8u\hotspot\src\share\vm\prims\jni.cpp, line 709]
Event: 4995.117 Thread 0x000000001e660800 Exception <a 'sun/nio/fs/WindowsException'> (0x00000000e611cfa0) thrown at [D:\src\AOSP-openjdk-cygwin\jdk8u\hotspot\src\share\vm\prims\jni.cpp, line 709]
Event: 4995.133 Thread 0x000000001e65d800 Exception <a 'sun/nio/fs/WindowsException'> (0x00000000e628e5c8) thrown at [D:\src\AOSP-openjdk-cygwin\jdk8u\hotspot\src\share\vm\prims\jni.cpp, line 709]

Events (10 events):
Event: 4994.695 Thread 0x000000001be34800 DEOPT PACKING pc=0x0000000007eb6d9a sp=0x000000003073bb80
Event: 4994.695 Thread 0x000000001be34800 DEOPT UNPACKING pc=0x0000000004df75d0 sp=0x000000003073b930 mode 0
Event: 4994.733 Thread 0x000000001be34800 DEOPT PACKING pc=0x0000000007eb6d9a sp=0x000000003073bb80
Event: 4994.733 Thread 0x000000001be34800 DEOPT UNPACKING pc=0x0000000004df75d0 sp=0x000000003073b930 mode 0
Event: 4994.746 Thread 0x000000001be34800 DEOPT PACKING pc=0x0000000007eb6d9a sp=0x000000003073bb80
Event: 4994.746 Thread 0x000000001be34800 DEOPT UNPACKING pc=0x0000000004df75d0 sp=0x000000003073b930 mode 0
Event: 4994.785 Thread 0x000000001be34800 DEOPT PACKING pc=0x0000000007eb6d7e sp=0x000000003073bcd0
Event: 4994.785 Thread 0x000000001be34800 DEOPT UNPACKING pc=0x0000000004df75d0 sp=0x000000003073ba80 mode 0
Event: 4994.993 Executing VM operation: RevokeBias
Event: 4994.993 Executing VM operation: RevokeBias done


Dynamic libraries:
0x00007ff7f33b0000 - 0x00007ff7f33e1000 	E:\android-studio\jre\bin\java.exe
0x00007ff930df0000 - 0x00007ff930fd0000 	C:\Windows\SYSTEM32\ntdll.dll
0x00007ff92ec90000 - 0x00007ff92ed3e000 	C:\Windows\System32\KERNEL32.DLL
0x00007ff92d270000 - 0x00007ff92d4d6000 	C:\Windows\System32\KERNELBASE.dll
0x00007ff92f350000 - 0x00007ff92f3f1000 	C:\Windows\System32\ADVAPI32.dll
0x00007ff92edc0000 - 0x00007ff92ee5d000 	C:\Windows\System32\msvcrt.dll
0x00007ff92f2f0000 - 0x00007ff92f34b000 	C:\Windows\System32\sechost.dll
0x00007ff92e2c0000 - 0x00007ff92e3df000 	C:\Windows\System32\RPCRT4.dll
0x00007ff92ea70000 - 0x00007ff92ebfe000 	C:\Windows\System32\USER32.dll
0x00007ff92deb0000 - 0x00007ff92ded0000 	C:\Windows\System32\win32u.dll
0x00007ff92ec00000 - 0x00007ff92ec28000 	C:\Windows\System32\GDI32.dll
0x00007ff92e120000 - 0x00007ff92e2b1000 	C:\Windows\System32\gdi32full.dll
0x00007ff92e080000 - 0x00007ff92e11b000 	C:\Windows\System32\msvcp_win.dll
0x00007ff92ded0000 - 0x00007ff92dfc6000 	C:\Windows\System32\ucrtbase.dll
0x00007ff914af0000 - 0x00007ff914d59000 	C:\Windows\WinSxS\amd64_microsoft.windows.common-controls_6595b64144ccf1df_6.0.16299.15_none_cc92fb402215d91d\COMCTL32.dll
0x00007ff92e480000 - 0x00007ff92e788000 	C:\Windows\System32\combase.dll
0x00007ff92d1f0000 - 0x00007ff92d262000 	C:\Windows\System32\bcryptPrimitives.dll
0x00007ff92e3e0000 - 0x00007ff92e40d000 	C:\Windows\System32\IMM32.DLL
0x0000000067380000 - 0x0000000067452000 	E:\android-studio\jre\jre\bin\msvcr100.dll
0x0000000064f80000 - 0x00000000657c1000 	E:\android-studio\jre\jre\bin\server\jvm.dll
0x00007ff92e860000 - 0x00007ff92e868000 	C:\Windows\System32\PSAPI.DLL
0x00007ff92be80000 - 0x00007ff92be89000 	C:\Windows\SYSTEM32\WSOCK32.dll
0x00007ff92f400000 - 0x00007ff92f46c000 	C:\Windows\System32\WS2_32.dll
0x00007ff929c30000 - 0x00007ff929c53000 	C:\Windows\SYSTEM32\WINMM.dll
0x00007ff922bc0000 - 0x00007ff922bca000 	C:\Windows\SYSTEM32\VERSION.dll
0x00007ff929b90000 - 0x00007ff929bba000 	C:\Windows\SYSTEM32\WINMMBASE.dll
0x00007ff92de60000 - 0x00007ff92deaa000 	C:\Windows\System32\cfgmgr32.dll
0x00007ff929750000 - 0x00007ff92975f000 	E:\android-studio\jre\jre\bin\verify.dll
0x00007ff913cd0000 - 0x00007ff913cf9000 	E:\android-studio\jre\jre\bin\java.dll
0x00007ff928eb0000 - 0x00007ff928ec6000 	E:\android-studio\jre\jre\bin\zip.dll
0x00007ff92f8c0000 - 0x00007ff930cf7000 	C:\Windows\System32\SHELL32.dll
0x00007ff92e9c0000 - 0x00007ff92ea66000 	C:\Windows\System32\shcore.dll
0x00007ff92d6b0000 - 0x00007ff92ddf7000 	C:\Windows\System32\windows.storage.dll
0x00007ff92e410000 - 0x00007ff92e461000 	C:\Windows\System32\shlwapi.dll
0x00007ff92d160000 - 0x00007ff92d171000 	C:\Windows\System32\kernel.appcore.dll
0x00007ff92d180000 - 0x00007ff92d1cc000 	C:\Windows\System32\powrprof.dll
0x00007ff92d1d0000 - 0x00007ff92d1eb000 	C:\Windows\System32\profapi.dll
0x00007ff928c30000 - 0x00007ff928c4a000 	E:\android-studio\jre\jre\bin\net.dll
0x00007ff92c9d0000 - 0x00007ff92ca36000 	C:\Windows\system32\mswsock.dll
0x00007ff925990000 - 0x00007ff9259a1000 	E:\android-studio\jre\jre\bin\nio.dll
0x00007ff929e10000 - 0x00007ff929e36000 	C:\Users\Admin\.gradle\native\29\windows-amd64\native-platform.dll
0x00007ff925a00000 - 0x00007ff925a0d000 	E:\android-studio\jre\jre\bin\management.dll
0x00007ff92cb90000 - 0x00007ff92cba7000 	C:\Windows\SYSTEM32\CRYPTSP.dll
0x00007ff92c5e0000 - 0x00007ff92c613000 	C:\Windows\system32\rsaenh.dll
0x00007ff92cca0000 - 0x00007ff92ccc5000 	C:\Windows\SYSTEM32\bcrypt.dll
0x00007ff92d040000 - 0x00007ff92d069000 	C:\Windows\SYSTEM32\USERENV.dll
0x00007ff92cbb0000 - 0x00007ff92cbbb000 	C:\Windows\SYSTEM32\CRYPTBASE.dll
0x00007ff92c760000 - 0x00007ff92c799000 	C:\Windows\SYSTEM32\IPHLPAPI.DLL
0x00007ff92e470000 - 0x00007ff92e478000 	C:\Windows\System32\NSI.dll
0x00007ff927420000 - 0x00007ff927436000 	C:\Windows\SYSTEM32\dhcpcsvc6.DLL
0x00007ff9278f0000 - 0x00007ff92790a000 	C:\Windows\SYSTEM32\dhcpcsvc.DLL

VM Arguments:
jvm_args: -Xmx1536m -Dfile.encoding=windows-1252 -Duser.country=US -Duser.language=en -Duser.variant 
java_command: org.gradle.launcher.daemon.bootstrap.GradleDaemon 5.4.1
java_class_path (initial): C:\Users\Admin\.gradle\wrapper\dists\gradle-5.4.1-all\3221gyojl5jsh0helicew7rwx\gradle-5.4.1\lib\gradle-launcher-5.4.1.jar
Launcher Type: SUN_STANDARD

Environment Variables:
JAVA_HOME=C:\Program Files\Java\jdk1.8.0_211
CLASSPATH=.;
PATH=C:\Python27\;C:\Python27\Scripts;C:\Program Files (x86)\Common Files\Oracle\Java\javapath;C:\Windows\system32;C:\Windows;C:\Windows\System32\Wbem;C:\Windows\System32\WindowsPowerShell\v1.0\;C:\Program Files (x86)\GtkSharp\2.12\bin;C:\Program Files (x86)\Windows Kits\10\Windows Performance Toolkit\;C:\Program Files (x86)\Microsoft SQL Server\100\Tools\Binn\;C:\Program Files\Microsoft SQL Server\100\Tools\Binn\;C:\Program Files\Microsoft SQL Server\100\DTS\Binn\;C:\Program Files (x86)\Microsoft SQL Server\100\Tools\Binn\VSShell\Common7\IDE\;C:\Program Files (x86)\Microsoft SQL Server\100\DTS\Binn\;C:\Program Files\Microsoft SQL Server\120\Tools\Binn\;C:\Program Files\Microsoft SQL Server\Client SDK\ODBC\110\Tools\Binn\;C:\Program Files (x86)\Microsoft SQL Server\120\Tools\Binn\;C:\Program Files\Microsoft SQL Server\120\DTS\Binn\;C:\Program Files (x86)\Microsoft SQL Server\120\Tools\Binn\ManagementStudio\;C:\Program Files (x86)\Microsoft SQL Server\120\DTS\Binn\;C:\ProgramData\chocolatey\bin;C:\Program Files\Java\jdk1.8.0_211\bin;C:\Program Files\Microsoft\Web Platform Installer\;C:\Program Files (x86)\Microsoft ASP.NET\ASP.NET Web Pages\v1.0\;C:\xampp\php;C:\composer;E:\NodeJS\;C:\Program Files\Git\cmd;C:\Users\Admin\AppData\Local\Microsoft\WindowsApps;C:\Users\Admin\AppData\Local\Programs\Microsoft VS Code\bin;C:\Users\Admin\AppData\Roaming\Composer\vendor\bin;C:\Users\Admin\AppData\Roaming\npm
USERNAME=Admin
OS=Windows_NT
PROCESSOR_IDENTIFIER=Intel64 Family 6 Model 69 Stepping 1, GenuineIntel



---------------  S Y S T E M  ---------------

OS: Windows 10.0 , 64 bit Build 16299 (10.0.16299.15)

CPU:total 4 (initial active 4) (2 cores per cpu, 2 threads per core) family 6 model 69 stepping 1, cmov, cx8, fxsr, mmx, sse, sse2, sse3, ssse3, sse4.1, sse4.2, popcnt, avx, avx2, aes, clmul, erms, lzcnt, ht, tsc, tscinvbit, bmi1, bmi2

Memory: 4k page, physical 4098072k(164240k free), swap 13403156k(2084k free)

vm_info: OpenJDK 64-Bit Server VM (25.152-b01) for windows-amd64 JRE (1.8.0_152-release-1343-b01), built by "builder" with MS VC++ 10.0 (VS2010)

time: Mon Oct 07 13:13:05 2019
elapsed time: 4995 seconds (0d 1h 23m 15s)

